Using pre-set license
Built from '2020.3/staging' branch; Version is '2020.3.26f1 (7298b473bc1a) revision 7510196'; Using compiler version '192528614'; Build Type 'Release'
OS: 'Windows 10  (10.0.19043) 64bit Education' Language: 'ko' Physical Memory: 16319 MB
BatchMode: 1, IsHumanControllingUs: 0, StartBugReporterOnCrash: 0, Is64bit: 1, IsPro: 0

COMMAND LINE ARGUMENTS:
C:\Program Files\Unity\Hub\Editor\2020.3.26f1\Editor\Unity.exe
-adb2
-batchMode
-noUpm
-name
AssetImportWorker0
-projectPath
D:/github/unity_Ex1/jally_ex
-logFile
Logs/AssetImportWorker0.log
-srvPort
52283
Successfully changed project path to: D:/github/unity_Ex1/jally_ex
D:/github/unity_Ex1/jally_ex
Using Asset Import Pipeline V2.
Refreshing native plugins compatible for Editor in 47.49 ms, found 4 plugins.
Preloading 0 native plugins for Editor in 0.00 ms.
Initialize engine version: 2020.3.26f1 (7298b473bc1a)
[Subsystems] Discovering subsystems at path C:/Program Files/Unity/Hub/Editor/2020.3.26f1/Editor/Data/Resources/UnitySubsystems
[Subsystems] Discovering subsystems at path D:/github/unity_Ex1/jally_ex/Assets
GfxDevice: creating device client; threaded=0
Direct3D:
    Version:  Direct3D 11.0 [level 11.1]
    Renderer: NVIDIA GeForce GTX 1660 Ti (ID=0x2182)
    Vendor:   
    VRAM:     5991 MB
    Driver:   27.21.14.5671
Initialize mono
Mono path[0] = 'C:/Program Files/Unity/Hub/Editor/2020.3.26f1/Editor/Data/Managed'
Mono path[1] = 'C:/Program Files/Unity/Hub/Editor/2020.3.26f1/Editor/Data/MonoBleedingEdge/lib/mono/unityjit'
Mono config path = 'C:/Program Files/Unity/Hub/Editor/2020.3.26f1/Editor/Data/MonoBleedingEdge/etc'
Using monoOptions --debugger-agent=transport=dt_socket,embedding=1,server=y,suspend=n,address=127.0.0.1:56308
Begin MonoManager ReloadAssembly
Registering precompiled unity dll's ...
Register platform support module: C:/Program Files/Unity/Hub/Editor/2020.3.26f1/Editor/Data/PlaybackEngines/WindowsStandaloneSupport/UnityEditor.WindowsStandalone.Extensions.dll
Registered in 0.003112 seconds.
Native extension for WindowsStandalone target not found
Refreshing native plugins compatible for Editor in 45.80 ms, found 4 plugins.
Preloading 0 native plugins for Editor in 0.00 ms.
Mono: successfully reloaded assembly
- Completed reload, in  0.576 seconds
Domain Reload Profiling:
	ReloadAssembly (576ms)
		BeginReloadAssembly (78ms)
			ExecutionOrderSort (0ms)
			DisableScriptedObjects (0ms)
			BackupInstance (0ms)
			ReleaseScriptingObjects (0ms)
			CreateAndSetChildDomain (1ms)
		EndReloadAssembly (421ms)
			LoadAssemblies (76ms)
			RebuildTransferFunctionScriptingTraits (0ms)
			SetupTypeCache (145ms)
			ReleaseScriptCaches (0ms)
			RebuildScriptCaches (27ms)
			SetupLoadedEditorAssemblies (153ms)
				LogAssemblyErrors (0ms)
				InitializePlatformSupportModulesInManaged (4ms)
				SetLoadedEditorAssemblies (0ms)
				RefreshPlugins (46ms)
				BeforeProcessingInitializeOnLoad (8ms)
				ProcessInitializeOnLoadAttributes (71ms)
				ProcessInitializeOnLoadMethodAttributes (24ms)
				AfterProcessingInitializeOnLoad (0ms)
				EditorAssembliesLoaded (0ms)
			ExecutionOrderSort2 (0ms)
			AwakeInstancesAfterBackupRestoration (0ms)
Platform modules already initialized, skipping
Registering precompiled user dll's ...
Registered in 0.010351 seconds.
Begin MonoManager ReloadAssembly
Native extension for WindowsStandalone target not found
Refreshing native plugins compatible for Editor in 48.21 ms, found 4 plugins.
Preloading 0 native plugins for Editor in 0.00 ms.
Mono: successfully reloaded assembly
- Completed reload, in  1.120 seconds
Domain Reload Profiling:
	ReloadAssembly (1121ms)
		BeginReloadAssembly (146ms)
			ExecutionOrderSort (0ms)
			DisableScriptedObjects (4ms)
			BackupInstance (0ms)
			ReleaseScriptingObjects (0ms)
			CreateAndSetChildDomain (15ms)
		EndReloadAssembly (911ms)
			LoadAssemblies (119ms)
			RebuildTransferFunctionScriptingTraits (0ms)
			SetupTypeCache (318ms)
			ReleaseScriptCaches (1ms)
			RebuildScriptCaches (44ms)
			SetupLoadedEditorAssemblies (334ms)
				LogAssemblyErrors (0ms)
				InitializePlatformSupportModulesInManaged (3ms)
				SetLoadedEditorAssemblies (0ms)
				RefreshPlugins (48ms)
				BeforeProcessingInitializeOnLoad (63ms)
				ProcessInitializeOnLoadAttributes (186ms)
				ProcessInitializeOnLoadMethodAttributes (15ms)
				AfterProcessingInitializeOnLoad (20ms)
				EditorAssembliesLoaded (0ms)
			ExecutionOrderSort2 (0ms)
			AwakeInstancesAfterBackupRestoration (6ms)
Platform modules already initialized, skipping
========================================================================
Worker process is ready to serve import requests
Launched and connected shader compiler UnityShaderCompiler.exe after 0.06 seconds
Refreshing native plugins compatible for Editor in 0.74 ms, found 4 plugins.
Preloading 0 native plugins for Editor in 0.00 ms.
Unloading 2215 Unused Serialized files (Serialized files now loaded: 0)
System memory in use before: 97.0 MB.
System memory in use after: 97.2 MB.

Unloading 44 unused Assets to reduce memory usage. Loaded Objects now: 2719.
Total: 3.320000 ms (FindLiveObjects: 0.191900 ms CreateObjectMapping: 0.070600 ms MarkObjects: 2.978500 ms  DeleteObjects: 0.078100 ms)

AssetImportParameters requested are different than current active one (requested -> active):
  custom:framework-win-MediaFoundation: 216162199b28c13a410421893ffa2e32 -> 
  custom:video-decoder-ogg-theora: a1e56fd34408186e4bbccfd4996cb3dc -> 
  custom:container-muxer-webm: aa71ff27fc2769a1b78a27578f13a17b -> 
  custom:container-demuxer-webm: 4f35f7cbe854078d1ac9338744f61a02 -> 
  custom:container-demuxer-ogg: 62fdf1f143b41e24485cea50d1cbac27 -> 
  custom:video-encoder-webm-vp8: eb34c28f22e8b96e1ab97ce403110664 -> 
  custom:video-decoder-webm-vp8: 9c59270c3fd7afecdb556c50c9e8de78 -> 
  custom:audio-decoder-ogg-vorbis: bf7c407c2cedff20999df2af8eb42d56 -> 
  custom:audio-encoder-webm-vorbis: bf7c407c2cedff20999df2af8eb42d56 -> 
========================================================================
Received Import Request.
  path: Assets/Macros/Jelly.asset
  artifactKey: Guid(27b7cef7e6bb4de4a8d097c161fc0a52) Importer(815301076,1909f56bfc062723c751e8b465ee728b)
Start importing Assets/Macros/Jelly.asset using Guid(27b7cef7e6bb4de4a8d097c161fc0a52) Importer(815301076,1909f56bfc062723c751e8b465ee728b)  -> (artifact id: 'd95c12f1be9d1378dfae9685d86eef03') in 0.099087 seconds 
  Import took 0.102503 seconds .

========================================================================
Received Import Request.
  Time since last request: 930.559936 seconds.
  path: Assets/Macros/Jelly.asset
  artifactKey: Guid(27b7cef7e6bb4de4a8d097c161fc0a52) Importer(815301076,1909f56bfc062723c751e8b465ee728b)
Start importing Assets/Macros/Jelly.asset using Guid(27b7cef7e6bb4de4a8d097c161fc0a52) Importer(815301076,1909f56bfc062723c751e8b465ee728b)  -> (artifact id: '8df7e2a03944f56a80484ec746e69aa1') in 0.534925 seconds 
  Import took 0.538948 seconds .

========================================================================
Received Prepare
Registering precompiled user dll's ...
Registered in 0.010127 seconds.
Begin MonoManager ReloadAssembly
Native extension for WindowsStandalone target not found
Refreshing native plugins compatible for Editor in 0.67 ms, found 4 plugins.
Preloading 0 native plugins for Editor in 0.00 ms.
Mono: successfully reloaded assembly
- Completed reload, in  1.010 seconds
Domain Reload Profiling:
	ReloadAssembly (1011ms)
		BeginReloadAssembly (152ms)
			ExecutionOrderSort (0ms)
			DisableScriptedObjects (5ms)
			BackupInstance (0ms)
			ReleaseScriptingObjects (0ms)
			CreateAndSetChildDomain (57ms)
		EndReloadAssembly (799ms)
			LoadAssemblies (113ms)
			RebuildTransferFunctionScriptingTraits (0ms)
			SetupTypeCache (318ms)
			ReleaseScriptCaches (1ms)
			RebuildScriptCaches (35ms)
			SetupLoadedEditorAssemblies (262ms)
				LogAssemblyErrors (0ms)
				InitializePlatformSupportModulesInManaged (4ms)
				SetLoadedEditorAssemblies (0ms)
				RefreshPlugins (1ms)
				BeforeProcessingInitializeOnLoad (56ms)
				ProcessInitializeOnLoadAttributes (180ms)
				ProcessInitializeOnLoadMethodAttributes (11ms)
				AfterProcessingInitializeOnLoad (10ms)
				EditorAssembliesLoaded (0ms)
			ExecutionOrderSort2 (0ms)
			AwakeInstancesAfterBackupRestoration (7ms)
Platform modules already initialized, skipping
Refreshing native plugins compatible for Editor in 0.65 ms, found 4 plugins.
Preloading 0 native plugins for Editor in 0.00 ms.
Unloading 2204 Unused Serialized files (Serialized files now loaded: 0)
System memory in use before: 96.5 MB.
System memory in use after: 96.7 MB.

Unloading 33 unused Assets to reduce memory usage. Loaded Objects now: 2721.
Total: 3.077000 ms (FindLiveObjects: 0.217800 ms CreateObjectMapping: 0.070900 ms MarkObjects: 2.767200 ms  DeleteObjects: 0.020100 ms)

AssetImportParameters requested are different than current active one (requested -> active):
  custom:framework-win-MediaFoundation: 216162199b28c13a410421893ffa2e32 -> 
  custom:video-decoder-ogg-theora: a1e56fd34408186e4bbccfd4996cb3dc -> 
  custom:container-muxer-webm: aa71ff27fc2769a1b78a27578f13a17b -> 
  custom:container-demuxer-webm: 4f35f7cbe854078d1ac9338744f61a02 -> 
  custom:container-demuxer-ogg: 62fdf1f143b41e24485cea50d1cbac27 -> 
  custom:video-encoder-webm-vp8: eb34c28f22e8b96e1ab97ce403110664 -> 
  custom:video-decoder-webm-vp8: 9c59270c3fd7afecdb556c50c9e8de78 -> 
  custom:audio-decoder-ogg-vorbis: bf7c407c2cedff20999df2af8eb42d56 -> 
  custom:audio-encoder-webm-vorbis: bf7c407c2cedff20999df2af8eb42d56 -> 
========================================================================
Received Import Request.
  Time since last request: 837.078743 seconds.
  path: Assets/Macros/Jelly.asset
  artifactKey: Guid(27b7cef7e6bb4de4a8d097c161fc0a52) Importer(815301076,1909f56bfc062723c751e8b465ee728b)
Start importing Assets/Macros/Jelly.asset using Guid(27b7cef7e6bb4de4a8d097c161fc0a52) Importer(815301076,1909f56bfc062723c751e8b465ee728b)  -> (artifact id: 'e369bcc9d5011b99f606f1615b320ba9') in 0.630057 seconds 
  Import took 0.634221 seconds .

========================================================================
Received Import Request.
  Time since last request: 25.753831 seconds.
  path: Assets/Macros/SuperUnit
  artifactKey: Guid(317f0450fac586a4c88c8a3131f34720) Importer(815301076,1909f56bfc062723c751e8b465ee728b)
Start importing Assets/Macros/SuperUnit using Guid(317f0450fac586a4c88c8a3131f34720) Importer(815301076,1909f56bfc062723c751e8b465ee728b)  -> (artifact id: '9c8ed3b7581ce858781b4433827c6bc1') in 0.007895 seconds 
  Import took 0.012212 seconds .

========================================================================
Received Import Request.
  Time since last request: 17.095633 seconds.
  path: Assets/Macros/SuperUnit/SetWalk.asset
  artifactKey: Guid(cce96ac4af4e51d4f905ffb87f7da6d6) Importer(815301076,1909f56bfc062723c751e8b465ee728b)
Start importing Assets/Macros/SuperUnit/SetWalk.asset using Guid(cce96ac4af4e51d4f905ffb87f7da6d6) Importer(815301076,1909f56bfc062723c751e8b465ee728b)  -> (artifact id: '0343c92e5fb58fdbefde9617a5e6ecbf') in 0.010041 seconds 
  Import took 0.013744 seconds .

========================================================================
Received Import Request.
  Time since last request: 277.475996 seconds.
  path: Assets/Macros/SuperUnit/SetWalk.asset
  artifactKey: Guid(cce96ac4af4e51d4f905ffb87f7da6d6) Importer(815301076,1909f56bfc062723c751e8b465ee728b)
Start importing Assets/Macros/SuperUnit/SetWalk.asset using Guid(cce96ac4af4e51d4f905ffb87f7da6d6) Importer(815301076,1909f56bfc062723c751e8b465ee728b)  -> (artifact id: '1a2d60f21a6d559149ec81c194e457e7') in 0.050868 seconds 
  Import took 0.055449 seconds .

========================================================================
Received Import Request.
  Time since last request: 115.607647 seconds.
  path: Assets/Macros/Jelly.asset
  artifactKey: Guid(27b7cef7e6bb4de4a8d097c161fc0a52) Importer(815301076,1909f56bfc062723c751e8b465ee728b)
Start importing Assets/Macros/Jelly.asset using Guid(27b7cef7e6bb4de4a8d097c161fc0a52) Importer(815301076,1909f56bfc062723c751e8b465ee728b) Could not load connection between 'trigger' of 'BoltUnityEvent#65a0c...' and 'In' of 'SuperUnit#ad2f4...'.
UnityEngine.StackTraceUtility:ExtractStackTrace ()
UnityEngine.DebugLogHandler:LogFormat (UnityEngine.LogType,UnityEngine.Object,string,object[])
UnityEngine.Logger:Log (UnityEngine.LogType,object)
UnityEngine.Debug:LogWarning (object)
Bolt.UnitConnection`2<Bolt.ControlOutput, Bolt.ControlInput>:HandleDependencies () (at Bolt.Flow.Runtime/Connections/UnitConnection.cs:146)
Ludiq.Graph:OnAfterDependenciesDeserialized () (at Ludiq.Graphs.Runtime/Graph.cs:117)
Ludiq.Serialization:CheckIfDependenciesMet (Ludiq.ISerializationDepender) (at Ludiq.Core.Runtime/Serialization/Serialization.cs:296)
Ludiq.Serialization:AwaitDependencies (Ludiq.ISerializationDepender) (at Ludiq.Core.Runtime/Serialization/Serialization.cs:236)
Ludiq.Graph:OnAfterDeserialize () (at Ludiq.Graphs.Runtime/Graph.cs:98)
Ludiq.FullSerializer.fsSerializationCallbackReceiverProcessor:OnAfterDeserialize (System.Type,object) (at Ludiq.Core.Runtime/Dependencies/FullSerializer/fsISerializationCallbacks.cs:127)
Ludiq.FullSerializer.fsSerializer:Invoke_OnAfterDeserialize (System.Collections.Generic.List`1<Ludiq.FullSerializer.fsObjectProcessor>,System.Type,object) (at Ludiq.Core.Runtime/Dependencies/FullSerializer/fsSerializer.cs:1190)
Ludiq.FullSerializer.fsSerializer:TryDeserialize (Ludiq.FullSerializer.fsData,System.Type,System.Type,object&) (at Ludiq.Core.Runtime/Dependencies/FullSerializer/fsSerializer.cs:675)
Ludiq.FullSerializer.fsReflectedConverter:TryDeserialize (Ludiq.FullSerializer.fsData,object&,System.Type) (at Ludiq.Core.Runtime/Dependencies/FullSerializer/Converters/fsReflectedConverter.cs:97)
Ludiq.FullSerializer.fsSerializer:InternalDeserialize_5_Converter (System.Type,Ludiq.FullSerializer.fsData,System.Type,object&) (at Ludiq.Core.Runtime/Dependencies/FullSerializer/fsSerializer.cs:899)
Ludiq.FullSerializer.fsSerializer:InternalDeserialize_4_Cycles (System.Type,Ludiq.FullSerializer.fsData,System.Type,object&) (at Ludiq.Core.Runtime/Dependencies/FullSerializer/fsSerializer.cs:889)
Ludiq.FullSerializer.fsSerializer:InternalDeserialize_3_Inheritance (System.Type,Ludiq.FullSerializer.fsData,System.Type,object&,System.Collections.Generic.List`1<Ludiq.FullSerializer.fsObjectProcessor>&) (at Ludiq.Core.Runtime/Dependencies/FullSerializer/fsSerializer.cs:864)
Ludiq.FullSerializer.fsSerializer:InternalDeserialize_2_Version (System.Type,Ludiq.FullSerializer.fsData,System.Type,object&,System.Collections.Generic.List`1<Ludiq.FullSerializer.fsObjectProcessor>&) (at Ludiq.Core.Runtime/Dependencies/FullSerializer/fsSerializer.cs:768)
Ludiq.FullSerializer.fsSerializer:InternalDeserialize_1_CycleReference (System.Type,Ludiq.FullSerializer.fsData,System.Type,object&,System.Collections.Generic.List`1<Ludiq.FullSerializer.fsObjectProcessor>&) (at Ludiq.Core.Runtime/Dependencies/FullSerializer/fsSerializer.cs:713)
Ludiq.FullSerializer.fsSerializer:TryDeserialize (Ludiq.FullSerializer.fsData,System.Type,System.Type,object&) (at Ludiq.Core.Runtime/Dependencies/FullSerializer/fsSerializer.cs:666)
Ludiq.FullSerializer.fsReflectedConverter:TryDeserialize (Ludiq.FullSerializer.fsData,object&,System.Type) (at Ludiq.Core.Runtime/Dependencies/FullSerializer/Converters/fsReflectedConverter.cs:97)
Ludiq.FullSerializer.fsSerializer:InternalDeserialize_5_Converter (System.Type,Ludiq.FullSerializer.fsData,System.Type,object&) (at Ludiq.Core.Runtime/Dependencies/FullSerializer/fsSerializer.cs:899)
Ludiq.FullSerializer.fsSerializer:InternalDeserialize_4_Cycles (System.Type,Ludiq.FullSerializer.fsData,System.Type,object&) (at Ludiq.Core.Runtime/Dependencies/FullSerializer/fsSerializer.cs:889)
Ludiq.FullSerializer.fsSerializer:InternalDeserialize_3_Inheritance (System.Type,Ludiq.FullSerializer.fsData,System.Type,object&,System.Collections.Generic.List`1<Ludiq.FullSerializer.fsObjectProcessor>&) (at Ludiq.Core.Runtime/Dependencies/FullSerializer/fsSerializer.cs:864)
Ludiq.FullSerializer.fsSerializer:InternalDeserialize_2_Version (System.Type,Ludiq.FullSerializer.fsData,System.Type,object&,System.Collections.Generic.List`1<Ludiq.FullSerializer.fsObjectProcessor>&) (at Ludiq.Core.Runtime/Dependencies/FullSerializer/fsSerializer.cs:768)
Ludiq.FullSerializer.fsSerializer:InternalDeserialize_1_CycleReference (System.Type,Ludiq.FullSerializer.fsData,System.Type,object&,System.Collections.Generic.List`1<Ludiq.FullSerializer.fsObjectProcessor>&) (at Ludiq.Core.Runtime/Dependencies/FullSerializer/fsSerializer.cs:713)
Ludiq.FullSerializer.fsSerializer:TryDeserialize (Ludiq.FullSerializer.fsData,System.Type,System.Type,object&) (at Ludiq.Core.Runtime/Dependencies/FullSerializer/fsSerializer.cs:666)
Ludiq.FullSerializer.fsSerializer:TryDeserialize (Ludiq.FullSerializer.fsData,System.Type,object&) (at Ludiq.Core.Runtime/Dependencies/FullSerializer/fsSerializer.cs:637)
Ludiq.FullSerializer.fsIEnumerableConverter:TryDeserialize (Ludiq.FullSerializer.fsData,object&,System.Type) (at Ludiq.Core.Runtime/Dependencies/FullSerializer/Converters/fsIEnumerableConverter.cs:100)
Ludiq.FullSerializer.fsSerializer:InternalDeserialize_5_Converter (System.Type,Ludiq.FullSerializer.fsData,System.Type,object&) (at Ludiq.Core.Runtime/Dependencies/FullSerializer/fsSerializer.cs:899)
Ludiq.FullSerializer.fsSerializer:InternalDeserialize_4_Cycles (System.Type,Ludiq.FullSerializer.fsData,System.Type,object&) (at Ludiq.Core.Runtime/Dependencies/FullSerializer/fsSerializer.cs:889)
Ludiq.FullSerializer.fsSerializer:InternalDeserialize_3_Inheritance (System.Type,Ludiq.FullSerializer.fsData,System.Type,object&,System.Collections.Generic.List`1<Ludiq.FullSerializer.fsObjectProcessor>&) (at Ludiq.Core.Runtime/Dependencies/FullSerializer/fsSerializer.cs:864)
Ludiq.FullSerializer.fsSerializer:InternalDeserialize_2_Version (System.Type,Ludiq.FullSerializer.fsData,System.Type,object&,System.Collections.Generic.List`1<Ludiq.FullSerializer.fsObjectProcessor>&) (at Ludiq.Core.Runtime/Dependencies/FullSerializer/fsSerializer.cs:768)
Ludiq.FullSerializer.fsSerializer:InternalDeserialize_1_CycleReference (System.Type,Ludiq.FullSerializer.fsData,System.Type,object&,System.Collections.Generic.List`1<Ludiq.FullSerializer.fsObjectProcessor>&) (at Ludiq.Core.Runtime/Dependencies/FullSerializer/fsSerializer.cs:713)
Ludiq.FullSerializer.fsSerializer:TryDeserialize (Ludiq.FullSerializer.fsData,System.Type,System.Type,object&) (at Ludiq.Core.Runtime/Dependencies/FullSerializer/fsSerializer.cs:666)
Ludiq.FullSerializer.fsReflectedConverter:TryDeserialize (Ludiq.FullSerializer.fsData,object&,System.Type) (at Ludiq.Core.Runtime/Dependencies/FullSerializer/Converters/fsReflectedConverter.cs:97)
Ludiq.FullSerializer.fsSerializer:InternalDeserialize_5_Converter (System.Type,Ludiq.FullSerializer.fsData,System.Type,object&) (at Ludiq.Core.Runtime/Dependencies/FullSerializer/fsSerializer.cs:899)
Ludiq.FullSerializer.fsSerializer:InternalDeserialize_4_Cycles (System.Type,Ludiq.FullSerializer.fsData,System.Type,object&) (at Ludiq.Core.Runtime/Dependencies/FullSerializer/fsSerializer.cs:889)
Ludiq.FullSerializer.fsSerializer:InternalDeserialize_3_Inheritance (System.Type,Ludiq.FullSerializer.fsData,System.Type,object&,System.Collections.Generic.List`1<Ludiq.FullSerializer.fsObjectProcessor>&) (at Ludiq.Core.Runtime/Dependencies/FullSerializer/fsSerializer.cs:864)
Ludiq.FullSerializer.fsSerializer:InternalDeserialize_2_Version (System.Type,Ludiq.FullSerializer.fsData,System.Type,object&,System.Collections.Generic.List`1<Ludiq.FullSerializer.fsObjectProcessor>&) (at Ludiq.Core.Runtime/Dependencies/FullSerializer/fsSerializer.cs:768)
Ludiq.FullSerializer.fsSerializer:InternalDeserialize_1_CycleReference (System.Type,Ludiq.FullSerializer.fsData,System.Type,object&,System.Collections.Generic.List`1<Ludiq.FullSerializer.fsObjectProcessor>&) (at Ludiq.Core.Runtime/Dependencies/FullSerializer/fsSerializer.cs:713)
Ludiq.FullSerializer.fsSerializer:TryDeserialize (Ludiq.FullSerializer.fsData,System.Type,System.Type,object&) (at Ludiq.Core.Runtime/Dependencies/FullSerializer/fsSerializer.cs:666)
Ludiq.FullSerializer.fsReflectedConverter:TryDeserialize (Ludiq.FullSerializer.fsData,object&,System.Type) (at Ludiq.Core.Runtime/Dependencies/FullSerializer/Converters/fsReflectedConverter.cs:97)
Ludiq.FullSerializer.fsSerializer:InternalDeserialize_5_Converter (System.Type,Ludiq.FullSerializer.fsData,System.Type,object&) (at Ludiq.Core.Runtime/Dependencies/FullSerializer/fsSerializer.cs:899)
Ludiq.FullSerializer.fsSerializer:InternalDeserialize_4_Cycles (System.Type,Ludiq.FullSerializer.fsData,System.Type,object&) (at Ludiq.Core.Runtime/Dependencies/FullSerializer/fsSerializer.cs:889)
Ludiq.FullSerializer.fsSerializer:InternalDeserialize_3_Inheritance (System.Type,Ludiq.FullSerializer.fsData,System.Type,object&,System.Collections.Generic.List`1<Ludiq.FullSerializer.fsObjectProcessor>&) (at Ludiq.Core.Runtime/Dependencies/FullSerializer/fsSerializer.cs:864)
Ludiq.FullSerializer.fsSerializer:InternalDeserialize_2_Version (System.Type,Ludiq.FullSerializer.fsData,System.Type,object&,System.Collections.Generic.List`1<Ludiq.FullSerializer.fsObjectProcessor>&) (at Ludiq.Core.Runtime/Dependencies/FullSerializer/fsSerializer.cs:768)
Ludiq.FullSerializer.fsSerializer:InternalDeserialize_1_CycleReference (System.Type,Ludiq.FullSerializer.fsData,System.Type,object&,System.Collections.Generic.List`1<Ludiq.FullSerializer.fsObjectProcessor>&) (at Ludiq.Core.Runtime/Dependencies/FullSerializer/fsSerializer.cs:713)
Ludiq.FullSerializer.fsSerializer:TryDeserialize (Ludiq.FullSerializer.fsData,System.Type,System.Type,object&) (at Ludiq.Core.Runtime/Dependencies/FullSerializer/fsSerializer.cs:666)
Ludiq.Serialization:DeserializeJson (Ludiq.FullSerializer.fsSerializer,string,object&,bool) (at Ludiq.Core.Runtime/Serialization/Serialization.cs:171)
Ludiq.Serialization:DeserializeInto (Ludiq.SerializationData,object&,bool) (at Ludiq.Core.Runtime/Serialization/Serialization.cs:113)
Ludiq.LudiqScriptableObject:UnityEngine.ISerializationCallbackReceiver.OnAfterDeserialize () (at Ludiq.Core.Runtime/Unity/LudiqScriptableObject.cs:50)

(Filename: Bolt.Flow.Runtime/Connections/UnitConnection.cs Line: 146)

Could not load connection between 'Out' of 'SuperUnit#ad2f4...' and 'trigger' of 'TriggerStateTransition#f59af...'.
UnityEngine.StackTraceUtility:ExtractStackTrace ()
UnityEngine.DebugLogHandler:LogFormat (UnityEngine.LogType,UnityEngine.Object,string,object[])
UnityEngine.Logger:Log (UnityEngine.LogType,object)
UnityEngine.Debug:LogWarning (object)
Bolt.UnitConnection`2<Bolt.ControlOutput, Bolt.ControlInput>:HandleDependencies () (at Bolt.Flow.Runtime/Connections/UnitConnection.cs:146)
Ludiq.Graph:OnAfterDependenciesDeserialized () (at Ludiq.Graphs.Runtime/Graph.cs:117)
Ludiq.Serialization:CheckIfDependenciesMet (Ludiq.ISerializationDepender) (at Ludiq.Core.Runtime/Serialization/Serialization.cs:296)
Ludiq.Serialization:AwaitDependencies (Ludiq.ISerializationDepender) (at Ludiq.Core.Runtime/Serialization/Serialization.cs:236)
Ludiq.Graph:OnAfterDeserialize () (at Ludiq.Graphs.Runtime/Graph.cs:98)
Ludiq.FullSerializer.fsSerializationCallbackReceiverProcessor:OnAfterDeserialize (System.Type,object) (at Ludiq.Core.Runtime/Dependencies/FullSerializer/fsISerializationCallbacks.cs:127)
Ludiq.FullSerializer.fsSerializer:Invoke_OnAfterDeserialize (System.Collections.Generic.List`1<Ludiq.FullSerializer.fsObjectProcessor>,System.Type,object) (at Ludiq.Core.Runtime/Dependencies/FullSerializer/fsSerializer.cs:1190)
Ludiq.FullSerializer.fsSerializer:TryDeserialize (Ludiq.FullSerializer.fsData,System.Type,System.Type,object&) (at Ludiq.Core.Runtime/Dependencies/FullSerializer/fsSerializer.cs:675)
Ludiq.FullSerializer.fsReflectedConverter:TryDeserialize (Ludiq.FullSerializer.fsData,object&,System.Type) (at Ludiq.Core.Runtime/Dependencies/FullSerializer/Converters/fsReflectedConverter.cs:97)
Ludiq.FullSerializer.fsSerializer:InternalDeserialize_5_Converter (System.Type,Ludiq.FullSerializer.fsData,System.Type,object&) (at Ludiq.Core.Runtime/Dependencies/FullSerializer/fsSerializer.cs:899)
Ludiq.FullSerializer.fsSerializer:InternalDeserialize_4_Cycles (System.Type,Ludiq.FullSerializer.fsData,System.Type,object&) (at Ludiq.Core.Runtime/Dependencies/FullSerializer/fsSerializer.cs:889)
Ludiq.FullSerializer.fsSerializer:InternalDeserialize_3_Inheritance (System.Type,Ludiq.FullSerializer.fsData,System.Type,object&,System.Collections.Generic.List`1<Ludiq.FullSerializer.fsObjectProcessor>&) (at Ludiq.Core.Runtime/Dependencies/FullSerializer/fsSerializer.cs:864)
Ludiq.FullSerializer.fsSerializer:InternalDeserialize_2_Version (System.Type,Ludiq.FullSerializer.fsData,System.Type,object&,System.Collections.Generic.List`1<Ludiq.FullSerializer.fsObjectProcessor>&) (at Ludiq.Core.Runtime/Dependencies/FullSerializer/fsSerializer.cs:768)
Ludiq.FullSerializer.fsSerializer:InternalDeserialize_1_CycleReference (System.Type,Ludiq.FullSerializer.fsData,System.Type,object&,System.Collections.Generic.List`1<Ludiq.FullSerializer.fsObjectProcessor>&) (at Ludiq.Core.Runtime/Dependencies/FullSerializer/fsSerializer.cs:713)
Ludiq.FullSerializer.fsSerializer:TryDeserialize (Ludiq.FullSerializer.fsData,System.Type,System.Type,object&) (at Ludiq.Core.Runtime/Dependencies/FullSerializer/fsSerializer.cs:666)
Ludiq.FullSerializer.fsReflectedConverter:TryDeserialize (Ludiq.FullSerializer.fsData,object&,System.Type) (at Ludiq.Core.Runtime/Dependencies/FullSerializer/Converters/fsReflectedConverter.cs:97)
Ludiq.FullSerializer.fsSerializer:InternalDeserialize_5_Converter (System.Type,Ludiq.FullSerializer.fsData,System.Type,object&) (at Ludiq.Core.Runtime/Dependencies/FullSerializer/fsSerializer.cs:899)
Ludiq.FullSerializer.fsSerializer:InternalDeserialize_4_Cycles (System.Type,Ludiq.FullSerializer.fsData,System.Type,object&) (at Ludiq.Core.Runtime/Dependencies/FullSerializer/fsSerializer.cs:889)
Ludiq.FullSerializer.fsSerializer:InternalDeserialize_3_Inheritance (System.Type,Ludiq.FullSerializer.fsData,System.Type,object&,System.Collections.Generic.List`1<Ludiq.FullSerializer.fsObjectProcessor>&) (at Ludiq.Core.Runtime/Dependencies/FullSerializer/fsSerializer.cs:864)
Ludiq.FullSerializer.fsSerializer:InternalDeserialize_2_Version (System.Type,Ludiq.FullSerializer.fsData,System.Type,object&,System.Collections.Generic.List`1<Ludiq.FullSerializer.fsObjectProcessor>&) (at Ludiq.Core.Runtime/Dependencies/FullSerializer/fsSerializer.cs:768)
Ludiq.FullSerializer.fsSerializer:InternalDeserialize_1_CycleReference (System.Type,Ludiq.FullSerializer.fsData,System.Type,object&,System.Collections.Generic.List`1<Ludiq.FullSerializer.fsObjectProcessor>&) (at Ludiq.Core.Runtime/Dependencies/FullSerializer/fsSerializer.cs:713)
Ludiq.FullSerializer.fsSerializer:TryDeserialize (Ludiq.FullSerializer.fsData,System.Type,System.Type,object&) (at Ludiq.Core.Runtime/Dependencies/FullSerializer/fsSerializer.cs:666)
Ludiq.FullSerializer.fsSerializer:TryDeserialize (Ludiq.FullSerializer.fsData,System.Type,object&) (at Ludiq.Core.Runtime/Dependencies/FullSerializer/fsSerializer.cs:637)
Ludiq.FullSerializer.fsIEnumerableConverter:TryDeserialize (Ludiq.FullSerializer.fsData,object&,System.Type) (at Ludiq.Core.Runtime/Dependencies/FullSerializer/Converters/fsIEnumerableConverter.cs:100)
Ludiq.FullSerializer.fsSerializer:InternalDeserialize_5_Converter (System.Type,Ludiq.FullSerializer.fsData,System.Type,object&) (at Ludiq.Core.Runtime/Dependencies/FullSerializer/fsSerializer.cs:899)
Ludiq.FullSerializer.fsSerializer:InternalDeserialize_4_Cycles (System.Type,Ludiq.FullSerializer.fsData,System.Type,object&) (at Ludiq.Core.Runtime/Dependencies/FullSerializer/fsSerializer.cs:889)
Ludiq.FullSerializer.fsSerializer:InternalDeserialize_3_Inheritance (System.Type,Ludiq.FullSerializer.fsData,System.Type,object&,System.Collections.Generic.List`1<Ludiq.FullSerializer.fsObjectProcessor>&) (at Ludiq.Core.Runtime/Dependencies/FullSerializer/fsSerializer.cs:864)
Ludiq.FullSerializer.fsSerializer:InternalDeserialize_2_Version (System.Type,Ludiq.FullSerializer.fsData,System.Type,object&,System.Collections.Generic.List`1<Ludiq.FullSerializer.fsObjectProcessor>&) (at Ludiq.Core.Runtime/Dependencies/FullSerializer/fsSerializer.cs:768)
Ludiq.FullSerializer.fsSerializer:InternalDeserialize_1_CycleReference (System.Type,Ludiq.FullSerializer.fsData,System.Type,object&,System.Collections.Generic.List`1<Ludiq.FullSerializer.fsObjectProcessor>&) (at Ludiq.Core.Runtime/Dependencies/FullSerializer/fsSerializer.cs:713)
Ludiq.FullSerializer.fsSerializer:TryDeserialize (Ludiq.FullSerializer.fsData,System.Type,System.Type,object&) (at Ludiq.Core.Runtime/Dependencies/FullSerializer/fsSerializer.cs:666)
Ludiq.FullSerializer.fsReflectedConverter:TryDeserialize (Ludiq.FullSerializer.fsData,object&,System.Type) (at Ludiq.Core.Runtime/Dependencies/FullSerializer/Converters/fsReflectedConverter.cs:97)
Ludiq.FullSerializer.fsSerializer:InternalDeserialize_5_Converter (System.Type,Ludiq.FullSerializer.fsData,System.Type,object&) (at Ludiq.Core.Runtime/Dependencies/FullSerializer/fsSerializer.cs:899)
Ludiq.FullSerializer.fsSerializer:InternalDeserialize_4_Cycles (System.Type,Ludiq.FullSerializer.fsData,System.Type,object&) (at Ludiq.Core.Runtime/Dependencies/FullSerializer/fsSerializer.cs:889)
Ludiq.FullSerializer.fsSerializer:InternalDeserialize_3_Inheritance (System.Type,Ludiq.FullSerializer.fsData,System.Type,object&,System.Collections.Generic.List`1<Ludiq.FullSerializer.fsObjectProcessor>&) (at Ludiq.Core.Runtime/Dependencies/FullSerializer/fsSerializer.cs:864)
Ludiq.FullSerializer.fsSerializer:InternalDeserialize_2_Version (System.Type,Ludiq.FullSerializer.fsData,System.Type,object&,System.Collections.Generic.List`1<Ludiq.FullSerializer.fsObjectProcessor>&) (at Ludiq.Core.Runtime/Dependencies/FullSerializer/fsSerializer.cs:768)
Ludiq.FullSerializer.fsSerializer:InternalDeserialize_1_CycleReference (System.Type,Ludiq.FullSerializer.fsData,System.Type,object&,System.Collections.Generic.List`1<Ludiq.FullSerializer.fsObjectProcessor>&) (at Ludiq.Core.Runtime/Dependencies/FullSerializer/fsSerializer.cs:713)
Ludiq.FullSerializer.fsSerializer:TryDeserialize (Ludiq.FullSerializer.fsData,System.Type,System.Type,object&) (at Ludiq.Core.Runtime/Dependencies/FullSerializer/fsSerializer.cs:666)
Ludiq.FullSerializer.fsReflectedConverter:TryDeserialize (Ludiq.FullSerializer.fsData,object&,System.Type) (at Ludiq.Core.Runtime/Dependencies/FullSerializer/Converters/fsReflectedConverter.cs:97)
Ludiq.FullSerializer.fsSerializer:InternalDeserialize_5_Converter (System.Type,Ludiq.FullSerializer.fsData,System.Type,object&) (at Ludiq.Core.Runtime/Dependencies/FullSerializer/fsSerializer.cs:899)
Ludiq.FullSerializer.fsSerializer:InternalDeserialize_4_Cycles (System.Type,Ludiq.FullSerializer.fsData,System.Type,object&) (at Ludiq.Core.Runtime/Dependencies/FullSerializer/fsSerializer.cs:889)
Ludiq.FullSerializer.fsSerializer:InternalDeserialize_3_Inheritance (System.Type,Ludiq.FullSerializer.fsData,System.Type,object&,System.Collections.Generic.List`1<Ludiq.FullSerializer.fsObjectProcessor>&) (at Ludiq.Core.Runtime/Dependencies/FullSerializer/fsSerializer.cs:864)
Ludiq.FullSerializer.fsSerializer:InternalDeserialize_2_Version (System.Type,Ludiq.FullSerializer.fsData,System.Type,object&,System.Collections.Generic.List`1<Ludiq.FullSerializer.fsObjectProcessor>&) (at Ludiq.Core.Runtime/Dependencies/FullSerializer/fsSerializer.cs:768)
Ludiq.FullSerializer.fsSerializer:InternalDeserialize_1_CycleReference (System.Type,Ludiq.FullSerializer.fsData,System.Type,object&,System.Collections.Generic.List`1<Ludiq.FullSerializer.fsObjectProcessor>&) (at Ludiq.Core.Runtime/Dependencies/FullSerializer/fsSerializer.cs:713)
Ludiq.FullSerializer.fsSerializer:TryDeserialize (Ludiq.FullSerializer.fsData,System.Type,System.Type,object&) (at Ludiq.Core.Runtime/Dependencies/FullSerializer/fsSerializer.cs:666)
Ludiq.Serialization:DeserializeJson (Ludiq.FullSerializer.fsSerializer,string,object&,bool) (at Ludiq.Core.Runtime/Serialization/Serialization.cs:171)
Ludiq.Serialization:DeserializeInto (Ludiq.SerializationData,object&,bool) (at Ludiq.Core.Runtime/Serialization/Serialization.cs:113)
Ludiq.LudiqScriptableObject:UnityEngine.ISerializationCallbackReceiver.OnAfterDeserialize () (at Ludiq.Core.Runtime/Unity/LudiqScriptableObject.cs:50)

(Filename: Bolt.Flow.Runtime/Connections/UnitConnection.cs Line: 146)

Could not load connection between 'result' of 'InvokeMember#524c2...' and 'X' of 'SuperUnit#ad2f4...'.
UnityEngine.StackTraceUtility:ExtractStackTrace ()
UnityEngine.DebugLogHandler:LogFormat (UnityEngine.LogType,UnityEngine.Object,string,object[])
UnityEngine.Logger:Log (UnityEngine.LogType,object)
UnityEngine.Debug:LogWarning (object)
Bolt.UnitConnection`2<Bolt.ValueOutput, Bolt.ValueInput>:HandleDependencies () (at Bolt.Flow.Runtime/Connections/UnitConnection.cs:146)
Ludiq.Graph:OnAfterDependenciesDeserialized () (at Ludiq.Graphs.Runtime/Graph.cs:117)
Ludiq.Serialization:CheckIfDependenciesMet (Ludiq.ISerializationDepender) (at Ludiq.Core.Runtime/Serialization/Serialization.cs:296)
Ludiq.Serialization:AwaitDependencies (Ludiq.ISerializationDepender) (at Ludiq.Core.Runtime/Serialization/Serialization.cs:236)
Ludiq.Graph:OnAfterDeserialize () (at Ludiq.Graphs.Runtime/Graph.cs:98)
Ludiq.FullSerializer.fsSerializationCallbackReceiverProcessor:OnAfterDeserialize (System.Type,object) (at Ludiq.Core.Runtime/Dependencies/FullSerializer/fsISerializationCallbacks.cs:127)
Ludiq.FullSerializer.fsSerializer:Invoke_OnAfterDeserialize (System.Collections.Generic.List`1<Ludiq.FullSerializer.fsObjectProcessor>,System.Type,object) (at Ludiq.Core.Runtime/Dependencies/FullSerializer/fsSerializer.cs:1190)
Ludiq.FullSerializer.fsSerializer:TryDeserialize (Ludiq.FullSerializer.fsData,System.Type,System.Type,object&) (at Ludiq.Core.Runtime/Dependencies/FullSerializer/fsSerializer.cs:675)
Ludiq.FullSerializer.fsReflectedConverter:TryDeserialize (Ludiq.FullSerializer.fsData,object&,System.Type) (at Ludiq.Core.Runtime/Dependencies/FullSerializer/Converters/fsReflectedConverter.cs:97)
Ludiq.FullSerializer.fsSerializer:InternalDeserialize_5_Converter (System.Type,Ludiq.FullSerializer.fsData,System.Type,object&) (at Ludiq.Core.Runtime/Dependencies/FullSerializer/fsSerializer.cs:899)
Ludiq.FullSerializer.fsSerializer:InternalDeserialize_4_Cycles (System.Type,Ludiq.FullSerializer.fsData,System.Type,object&) (at Ludiq.Core.Runtime/Dependencies/FullSerializer/fsSerializer.cs:889)
Ludiq.FullSerializer.fsSerializer:InternalDeserialize_3_Inheritance (System.Type,Ludiq.FullSerializer.fsData,System.Type,object&,System.Collections.Generic.List`1<Ludiq.FullSerializer.fsObjectProcessor>&) (at Ludiq.Core.Runtime/Dependencies/FullSerializer/fsSerializer.cs:864)
Ludiq.FullSerializer.fsSerializer:InternalDeserialize_2_Version (System.Type,Ludiq.FullSerializer.fsData,System.Type,object&,System.Collections.Generic.List`1<Ludiq.FullSerializer.fsObjectProcessor>&) (at Ludiq.Core.Runtime/Dependencies/FullSerializer/fsSerializer.cs:768)
Ludiq.FullSerializer.fsSerializer:InternalDeserialize_1_CycleReference (System.Type,Ludiq.FullSerializer.fsData,System.Type,object&,System.Collections.Generic.List`1<Ludiq.FullSerializer.fsObjectProcessor>&) (at Ludiq.Core.Runtime/Dependencies/FullSerializer/fsSerializer.cs:713)
Ludiq.FullSerializer.fsSerializer:TryDeserialize (Ludiq.FullSerializer.fsData,System.Type,System.Type,object&) (at Ludiq.Core.Runtime/Dependencies/FullSerializer/fsSerializer.cs:666)
Ludiq.FullSerializer.fsReflectedConverter:TryDeserialize (Ludiq.FullSerializer.fsData,object&,System.Type) (at Ludiq.Core.Runtime/Dependencies/FullSerializer/Converters/fsReflectedConverter.cs:97)
Ludiq.FullSerializer.fsSerializer:InternalDeserialize_5_Converter (System.Type,Ludiq.FullSerializer.fsData,System.Type,object&) (at Ludiq.Core.Runtime/Dependencies/FullSerializer/fsSerializer.cs:899)
Ludiq.FullSerializer.fsSerializer:InternalDeserialize_4_Cycles (System.Type,Ludiq.FullSerializer.fsData,System.Type,object&) (at Ludiq.Core.Runtime/Dependencies/FullSerializer/fsSerializer.cs:889)
Ludiq.FullSerializer.fsSerializer:InternalDeserialize_3_Inheritance (System.Type,Ludiq.FullSerializer.fsData,System.Type,object&,System.Collections.Generic.List`1<Ludiq.FullSerializer.fsObjectProcessor>&) (at Ludiq.Core.Runtime/Dependencies/FullSerializer/fsSerializer.cs:864)
Ludiq.FullSerializer.fsSerializer:InternalDeserialize_2_Version (System.Type,Ludiq.FullSerializer.fsData,System.Type,object&,System.Collections.Generic.List`1<Ludiq.FullSerializer.fsObjectProcessor>&) (at Ludiq.Core.Runtime/Dependencies/FullSerializer/fsSerializer.cs:768)
Ludiq.FullSerializer.fsSerializer:InternalDeserialize_1_CycleReference (System.Type,Ludiq.FullSerializer.fsData,System.Type,object&,System.Collections.Generic.List`1<Ludiq.FullSerializer.fsObjectProcessor>&) (at Ludiq.Core.Runtime/Dependencies/FullSerializer/fsSerializer.cs:713)
Ludiq.FullSerializer.fsSerializer:TryDeserialize (Ludiq.FullSerializer.fsData,System.Type,System.Type,object&) (at Ludiq.Core.Runtime/Dependencies/FullSerializer/fsSerializer.cs:666)
Ludiq.FullSerializer.fsSerializer:TryDeserialize (Ludiq.FullSerializer.fsData,System.Type,object&) (at Ludiq.Core.Runtime/Dependencies/FullSerializer/fsSerializer.cs:637)
Ludiq.FullSerializer.fsIEnumerableConverter:TryDeserialize (Ludiq.FullSerializer.fsData,object&,System.Type) (at Ludiq.Core.Runtime/Dependencies/FullSerializer/Converters/fsIEnumerableConverter.cs:100)
Ludiq.FullSerializer.fsSerializer:InternalDeserialize_5_Converter (System.Type,Ludiq.FullSerializer.fsData,System.Type,object&) (at Ludiq.Core.Runtime/Dependencies/FullSerializer/fsSerializer.cs:899)
Ludiq.FullSerializer.fsSerializer:InternalDeserialize_4_Cycles (System.Type,Ludiq.FullSerializer.fsData,System.Type,object&) (at Ludiq.Core.Runtime/Dependencies/FullSerializer/fsSerializer.cs:889)
Ludiq.FullSerializer.fsSerializer:InternalDeserialize_3_Inheritance (System.Type,Ludiq.FullSerializer.fsData,System.Type,object&,System.Collections.Generic.List`1<Ludiq.FullSerializer.fsObjectProcessor>&) (at Ludiq.Core.Runtime/Dependencies/FullSerializer/fsSerializer.cs:864)
Ludiq.FullSerializer.fsSerializer:InternalDeserialize_2_Version (System.Type,Ludiq.FullSerializer.fsData,System.Type,object&,System.Collections.Generic.List`1<Ludiq.FullSerializer.fsObjectProcessor>&) (at Ludiq.Core.Runtime/Dependencies/FullSerializer/fsSerializer.cs:768)
Ludiq.FullSerializer.fsSerializer:InternalDeserialize_1_CycleReference (System.Type,Ludiq.FullSerializer.fsData,System.Type,object&,System.Collections.Generic.List`1<Ludiq.FullSerializer.fsObjectProcessor>&) (at Ludiq.Core.Runtime/Dependencies/FullSerializer/fsSerializer.cs:713)
Ludiq.FullSerializer.fsSerializer:TryDeserialize (Ludiq.FullSerializer.fsData,System.Type,System.Type,object&) (at Ludiq.Core.Runtime/Dependencies/FullSerializer/fsSerializer.cs:666)
Ludiq.FullSerializer.fsReflectedConverter:TryDeserialize (Ludiq.FullSerializer.fsData,object&,System.Type) (at Ludiq.Core.Runtime/Dependencies/FullSerializer/Converters/fsReflectedConverter.cs:97)
Ludiq.FullSerializer.fsSerializer:InternalDeserialize_5_Converter (System.Type,Ludiq.FullSerializer.fsData,System.Type,object&) (at Ludiq.Core.Runtime/Dependencies/FullSerializer/fsSerializer.cs:899)
Ludiq.FullSerializer.fsSerializer:InternalDeserialize_4_Cycles (System.Type,Ludiq.FullSerializer.fsData,System.Type,object&) (at Ludiq.Core.Runtime/Dependencies/FullSerializer/fsSerializer.cs:889)
Ludiq.FullSerializer.fsSerializer:InternalDeserialize_3_Inheritance (System.Type,Ludiq.FullSerializer.fsData,System.Type,object&,System.Collections.Generic.List`1<Ludiq.FullSerializer.fsObjectProcessor>&) (at Ludiq.Core.Runtime/Dependencies/FullSerializer/fsSerializer.cs:864)
Ludiq.FullSerializer.fsSerializer:InternalDeserialize_2_Version (System.Type,Ludiq.FullSerializer.fsData,System.Type,object&,System.Collections.Generic.List`1<Ludiq.FullSerializer.fsObjectProcessor>&) (at Ludiq.Core.Runtime/Dependencies/FullSerializer/fsSerializer.cs:768)
Ludiq.FullSerializer.fsSerializer:InternalDeserialize_1_CycleReference (System.Type,Ludiq.FullSerializer.fsData,System.Type,object&,System.Collections.Generic.List`1<Ludiq.FullSerializer.fsObjectProcessor>&) (at Ludiq.Core.Runtime/Dependencies/FullSerializer/fsSerializer.cs:713)
Ludiq.FullSerializer.fsSerializer:TryDeserialize (Ludiq.FullSerializer.fsData,System.Type,System.Type,object&) (at Ludiq.Core.Runtime/Dependencies/FullSerializer/fsSerializer.cs:666)
Ludiq.FullSerializer.fsReflectedConverter:TryDeserialize (Ludiq.FullSerializer.fsData,object&,System.Type) (at Ludiq.Core.Runtime/Dependencies/FullSerializer/Converters/fsReflectedConverter.cs:97)
Ludiq.FullSerializer.fsSerializer:InternalDeserialize_5_Converter (System.Type,Ludiq.FullSerializer.fsData,System.Type,object&) (at Ludiq.Core.Runtime/Dependencies/FullSerializer/fsSerializer.cs:899)
Ludiq.FullSerializer.fsSerializer:InternalDeserialize_4_Cycles (System.Type,Ludiq.FullSerializer.fsData,System.Type,object&) (at Ludiq.Core.Runtime/Dependencies/FullSerializer/fsSerializer.cs:889)
Ludiq.FullSerializer.fsSerializer:InternalDeserialize_3_Inheritance (System.Type,Ludiq.FullSerializer.fsData,System.Type,object&,System.Collections.Generic.List`1<Ludiq.FullSerializer.fsObjectProcessor>&) (at Ludiq.Core.Runtime/Dependencies/FullSerializer/fsSerializer.cs:864)
Ludiq.FullSerializer.fsSerializer:InternalDeserialize_2_Version (System.Type,Ludiq.FullSerializer.fsData,System.Type,object&,System.Collections.Generic.List`1<Ludiq.FullSerializer.fsObjectProcessor>&) (at Ludiq.Core.Runtime/Dependencies/FullSerializer/fsSerializer.cs:768)
Ludiq.FullSerializer.fsSerializer:InternalDeserialize_1_CycleReference (System.Type,Ludiq.FullSerializer.fsData,System.Type,object&,System.Collections.Generic.List`1<Ludiq.FullSerializer.fsObjectProcessor>&) (at Ludiq.Core.Runtime/Dependencies/FullSerializer/fsSerializer.cs:713)
Ludiq.FullSerializer.fsSerializer:TryDeserialize (Ludiq.FullSerializer.fsData,System.Type,System.Type,object&) (at Ludiq.Core.Runtime/Dependencies/FullSerializer/fsSerializer.cs:666)
Ludiq.Serialization:DeserializeJson (Ludiq.FullSerializer.fsSerializer,string,object&,bool) (at Ludiq.Core.Runtime/Serialization/Serialization.cs:171)
Ludiq.Serialization:DeserializeInto (Ludiq.SerializationData,object&,bool) (at Ludiq.Core.Runtime/Serialization/Serialization.cs:113)
Ludiq.LudiqScriptableObject:UnityEngine.ISerializationCallbackReceiver.OnAfterDeserialize () (at Ludiq.Core.Runtime/Unity/LudiqScriptableObject.cs:50)

(Filename: Bolt.Flow.Runtime/Connections/UnitConnection.cs Line: 146)

Could not load connection between 'result' of 'InvokeMember#524c2...' and 'Y' of 'SuperUnit#ad2f4...'.
UnityEngine.StackTraceUtility:ExtractStackTrace ()
UnityEngine.DebugLogHandler:LogFormat (UnityEngine.LogType,UnityEngine.Object,string,object[])
UnityEngine.Logger:Log (UnityEngine.LogType,object)
UnityEngine.Debug:LogWarning (object)
Bolt.UnitConnection`2<Bolt.ValueOutput, Bolt.ValueInput>:HandleDependencies () (at Bolt.Flow.Runtime/Connections/UnitConnection.cs:146)
Ludiq.Graph:OnAfterDependenciesDeserialized () (at Ludiq.Graphs.Runtime/Graph.cs:117)
Ludiq.Serialization:CheckIfDependenciesMet (Ludiq.ISerializationDepender) (at Ludiq.Core.Runtime/Serialization/Serialization.cs:296)
Ludiq.Serialization:AwaitDependencies (Ludiq.ISerializationDepender) (at Ludiq.Core.Runtime/Serialization/Serialization.cs:236)
Ludiq.Graph:OnAfterDeserialize () (at Ludiq.Graphs.Runtime/Graph.cs:98)
Ludiq.FullSerializer.fsSerializationCallbackReceiverProcessor:OnAfterDeserialize (System.Type,object) (at Ludiq.Core.Runtime/Dependencies/FullSerializer/fsISerializationCallbacks.cs:127)
Ludiq.FullSerializer.fsSerializer:Invoke_OnAfterDeserialize (System.Collections.Generic.List`1<Ludiq.FullSerializer.fsObjectProcessor>,System.Type,object) (at Ludiq.Core.Runtime/Dependencies/FullSerializer/fsSerializer.cs:1190)
Ludiq.FullSerializer.fsSerializer:TryDeserialize (Ludiq.FullSerializer.fsData,System.Type,System.Type,object&) (at Ludiq.Core.Runtime/Dependencies/FullSerializer/fsSerializer.cs:675)
Ludiq.FullSerializer.fsReflectedConverter:TryDeserialize (Ludiq.FullSerializer.fsData,object&,System.Type) (at Ludiq.Core.Runtime/Dependencies/FullSerializer/Converters/fsReflectedConverter.cs:97)
Ludiq.FullSerializer.fsSerializer:InternalDeserialize_5_Converter (System.Type,Ludiq.FullSerializer.fsData,System.Type,object&) (at Ludiq.Core.Runtime/Dependencies/FullSerializer/fsSerializer.cs:899)
Ludiq.FullSerializer.fsSerializer:InternalDeserialize_4_Cycles (System.Type,Ludiq.FullSerializer.fsData,System.Type,object&) (at Ludiq.Core.Runtime/Dependencies/FullSerializer/fsSerializer.cs:889)
Ludiq.FullSerializer.fsSerializer:InternalDeserialize_3_Inheritance (System.Type,Ludiq.FullSerializer.fsData,System.Type,object&,System.Collections.Generic.List`1<Ludiq.FullSerializer.fsObjectProcessor>&) (at Ludiq.Core.Runtime/Dependencies/FullSerializer/fsSerializer.cs:864)
Ludiq.FullSerializer.fsSerializer:InternalDeserialize_2_Version (System.Type,Ludiq.FullSerializer.fsData,System.Type,object&,System.Collections.Generic.List`1<Ludiq.FullSerializer.fsObjectProcessor>&) (at Ludiq.Core.Runtime/Dependencies/FullSerializer/fsSerializer.cs:768)
Ludiq.FullSerializer.fsSerializer:InternalDeserialize_1_CycleReference (System.Type,Ludiq.FullSerializer.fsData,System.Type,object&,System.Collections.Generic.List`1<Ludiq.FullSerializer.fsObjectProcessor>&) (at Ludiq.Core.Runtime/Dependencies/FullSerializer/fsSerializer.cs:713)
Ludiq.FullSerializer.fsSerializer:TryDeserialize (Ludiq.FullSerializer.fsData,System.Type,System.Type,object&) (at Ludiq.Core.Runtime/Dependencies/FullSerializer/fsSerializer.cs:666)
Ludiq.FullSerializer.fsReflectedConverter:TryDeserialize (Ludiq.FullSerializer.fsData,object&,System.Type) (at Ludiq.Core.Runtime/Dependencies/FullSerializer/Converters/fsReflectedConverter.cs:97)
Ludiq.FullSerializer.fsSerializer:InternalDeserialize_5_Converter (System.Type,Ludiq.FullSerializer.fsData,System.Type,object&) (at Ludiq.Core.Runtime/Dependencies/FullSerializer/fsSerializer.cs:899)
Ludiq.FullSerializer.fsSerializer:InternalDeserialize_4_Cycles (System.Type,Ludiq.FullSerializer.fsData,System.Type,object&) (at Ludiq.Core.Runtime/Dependencies/FullSerializer/fsSerializer.cs:889)
Ludiq.FullSerializer.fsSerializer:InternalDeserialize_3_Inheritance (System.Type,Ludiq.FullSerializer.fsData,System.Type,object&,System.Collections.Generic.List`1<Ludiq.FullSerializer.fsObjectProcessor>&) (at Ludiq.Core.Runtime/Dependencies/FullSerializer/fsSerializer.cs:864)
Ludiq.FullSerializer.fsSerializer:InternalDeserialize_2_Version (System.Type,Ludiq.FullSerializer.fsData,System.Type,object&,System.Collections.Generic.List`1<Ludiq.FullSerializer.fsObjectProcessor>&) (at Ludiq.Core.Runtime/Dependencies/FullSerializer/fsSerializer.cs:768)
Ludiq.FullSerializer.fsSerializer:InternalDeserialize_1_CycleReference (System.Type,Ludiq.FullSerializer.fsData,System.Type,object&,System.Collections.Generic.List`1<Ludiq.FullSerializer.fsObjectProcessor>&) (at Ludiq.Core.Runtime/Dependencies/FullSerializer/fsSerializer.cs:713)
Ludiq.FullSerializer.fsSerializer:TryDeserialize (Ludiq.FullSerializer.fsData,System.Type,System.Type,object&) (at Ludiq.Core.Runtime/Dependencies/FullSerializer/fsSerializer.cs:666)
Ludiq.FullSerializer.fsSerializer:TryDeserialize (Ludiq.FullSerializer.fsData,System.Type,object&) (at Ludiq.Core.Runtime/Dependencies/FullSerializer/fsSerializer.cs:637)
Ludiq.FullSerializer.fsIEnumerableConverter:TryDeserialize (Ludiq.FullSerializer.fsData,object&,System.Type) (at Ludiq.Core.Runtime/Dependencies/FullSerializer/Converters/fsIEnumerableConverter.cs:100)
Ludiq.FullSerializer.fsSerializer:InternalDeserialize_5_Converter (System.Type,Ludiq.FullSerializer.fsData,System.Type,object&) (at Ludiq.Core.Runtime/Dependencies/FullSerializer/fsSerializer.cs:899)
Ludiq.FullSerializer.fsSerializer:InternalDeserialize_4_Cycles (System.Type,Ludiq.FullSerializer.fsData,System.Type,object&) (at Ludiq.Core.Runtime/Dependencies/FullSerializer/fsSerializer.cs:889)
Ludiq.FullSerializer.fsSerializer:InternalDeserialize_3_Inheritance (System.Type,Ludiq.FullSerializer.fsData,System.Type,object&,System.Collections.Generic.List`1<Ludiq.FullSerializer.fsObjectProcessor>&) (at Ludiq.Core.Runtime/Dependencies/FullSerializer/fsSerializer.cs:864)
Ludiq.FullSerializer.fsSerializer:InternalDeserialize_2_Version (System.Type,Ludiq.FullSerializer.fsData,System.Type,object&,System.Collections.Generic.List`1<Ludiq.FullSerializer.fsObjectProcessor>&) (at Ludiq.Core.Runtime/Dependencies/FullSerializer/fsSerializer.cs:768)
Ludiq.FullSerializer.fsSerializer:InternalDeserialize_1_CycleReference (System.Type,Ludiq.FullSerializer.fsData,System.Type,object&,System.Collections.Generic.List`1<Ludiq.FullSerializer.fsObjectProcessor>&) (at Ludiq.Core.Runtime/Dependencies/FullSerializer/fsSerializer.cs:713)
Ludiq.FullSerializer.fsSerializer:TryDeserialize (Ludiq.FullSerializer.fsData,System.Type,System.Type,object&) (at Ludiq.Core.Runtime/Dependencies/FullSerializer/fsSerializer.cs:666)
Ludiq.FullSerializer.fsReflectedConverter:TryDeserialize (Ludiq.FullSerializer.fsData,object&,System.Type) (at Ludiq.Core.Runtime/Dependencies/FullSerializer/Converters/fsReflectedConverter.cs:97)
Ludiq.FullSerializer.fsSerializer:InternalDeserialize_5_Converter (System.Type,Ludiq.FullSerializer.fsData,System.Type,object&) (at Ludiq.Core.Runtime/Dependencies/FullSerializer/fsSerializer.cs:899)
Ludiq.FullSerializer.fsSerializer:InternalDeserialize_4_Cycles (System.Type,Ludiq.FullSerializer.fsData,System.Type,object&) (at Ludiq.Core.Runtime/Dependencies/FullSerializer/fsSerializer.cs:889)
Ludiq.FullSerializer.fsSerializer:InternalDeserialize_3_Inheritance (System.Type,Ludiq.FullSerializer.fsData,System.Type,object&,System.Collections.Generic.List`1<Ludiq.FullSerializer.fsObjectProcessor>&) (at Ludiq.Core.Runtime/Dependencies/FullSerializer/fsSerializer.cs:864)
Ludiq.FullSerializer.fsSerializer:InternalDeserialize_2_Version (System.Type,Ludiq.FullSerializer.fsData,System.Type,object&,System.Collections.Generic.List`1<Ludiq.FullSerializer.fsObjectProcessor>&) (at Ludiq.Core.Runtime/Dependencies/FullSerializer/fsSerializer.cs:768)
Ludiq.FullSerializer.fsSerializer:InternalDeserialize_1_CycleReference (System.Type,Ludiq.FullSerializer.fsData,System.Type,object&,System.Collections.Generic.List`1<Ludiq.FullSerializer.fsObjectProcessor>&) (at Ludiq.Core.Runtime/Dependencies/FullSerializer/fsSerializer.cs:713)
Ludiq.FullSerializer.fsSerializer:TryDeserialize (Ludiq.FullSerializer.fsData,System.Type,System.Type,object&) (at Ludiq.Core.Runtime/Dependencies/FullSerializer/fsSerializer.cs:666)
Ludiq.FullSerializer.fsReflectedConverter:TryDeserialize (Ludiq.FullSerializer.fsData,object&,System.Type) (at Ludiq.Core.Runtime/Dependencies/FullSerializer/Converters/fsReflectedConverter.cs:97)
Ludiq.FullSerializer.fsSerializer:InternalDeserialize_5_Converter (System.Type,Ludiq.FullSerializer.fsData,System.Type,object&) (at Ludiq.Core.Runtime/Dependencies/FullSerializer/fsSerializer.cs:899)
Ludiq.FullSerializer.fsSerializer:InternalDeserialize_4_Cycles (System.Type,Ludiq.FullSerializer.fsData,System.Type,object&) (at Ludiq.Core.Runtime/Dependencies/FullSerializer/fsSerializer.cs:889)
Ludiq.FullSerializer.fsSerializer:InternalDeserialize_3_Inheritance (System.Type,Ludiq.FullSerializer.fsData,System.Type,object&,System.Collections.Generic.List`1<Ludiq.FullSerializer.fsObjectProcessor>&) (at Ludiq.Core.Runtime/Dependencies/FullSerializer/fsSerializer.cs:864)
Ludiq.FullSerializer.fsSerializer:InternalDeserialize_2_Version (System.Type,Ludiq.FullSerializer.fsData,System.Type,object&,System.Collections.Generic.List`1<Ludiq.FullSerializer.fsObjectProcessor>&) (at Ludiq.Core.Runtime/Dependencies/FullSerializer/fsSerializer.cs:768)
Ludiq.FullSerializer.fsSerializer:InternalDeserialize_1_CycleReference (System.Type,Ludiq.FullSerializer.fsData,System.Type,object&,System.Collections.Generic.List`1<Ludiq.FullSerializer.fsObjectProcessor>&) (at Ludiq.Core.Runtime/Dependencies/FullSerializer/fsSerializer.cs:713)
Ludiq.FullSerializer.fsSerializer:TryDeserialize (Ludiq.FullSerializer.fsData,System.Type,System.Type,object&) (at Ludiq.Core.Runtime/Dependencies/FullSerializer/fsSerializer.cs:666)
Ludiq.Serialization:DeserializeJson (Ludiq.FullSerializer.fsSerializer,string,object&,bool) (at Ludiq.Core.Runtime/Serialization/Serialization.cs:171)
Ludiq.Serialization:DeserializeInto (Ludiq.SerializationData,object&,bool) (at Ludiq.Core.Runtime/Serialization/Serialization.cs:113)
Ludiq.LudiqScriptableObject:UnityEngine.ISerializationCallbackReceiver.OnAfterDeserialize () (at Ludiq.Core.Runtime/Unity/LudiqScriptableObject.cs:50)

(Filename: Bolt.Flow.Runtime/Connections/UnitConnection.cs Line: 146)

 -> (artifact id: 'd943db35a8c88f2807745c64637d355d') in 0.394628 seconds 
  Import took 0.400502 seconds .

========================================================================
Received Prepare
Registering precompiled user dll's ...
Registered in 0.010083 seconds.
Begin MonoManager ReloadAssembly
Native extension for WindowsStandalone target not found
Refreshing native plugins compatible for Editor in 0.65 ms, found 4 plugins.
Preloading 0 native plugins for Editor in 0.00 ms.
Mono: successfully reloaded assembly
- Completed reload, in  1.029 seconds
Domain Reload Profiling:
	ReloadAssembly (1029ms)
		BeginReloadAssembly (162ms)
			ExecutionOrderSort (0ms)
			DisableScriptedObjects (6ms)
			BackupInstance (0ms)
			ReleaseScriptingObjects (0ms)
			CreateAndSetChildDomain (61ms)
		EndReloadAssembly (807ms)
			LoadAssemblies (121ms)
			RebuildTransferFunctionScriptingTraits (0ms)
			SetupTypeCache (316ms)
			ReleaseScriptCaches (1ms)
			RebuildScriptCaches (35ms)
			SetupLoadedEditorAssemblies (269ms)
				LogAssemblyErrors (0ms)
				InitializePlatformSupportModulesInManaged (4ms)
				SetLoadedEditorAssemblies (0ms)
				RefreshPlugins (1ms)
				BeforeProcessingInitializeOnLoad (57ms)
				ProcessInitializeOnLoadAttributes (184ms)
				ProcessInitializeOnLoadMethodAttributes (13ms)
				AfterProcessingInitializeOnLoad (9ms)
				EditorAssembliesLoaded (0ms)
			ExecutionOrderSort2 (0ms)
			AwakeInstancesAfterBackupRestoration (7ms)
Platform modules already initialized, skipping
Refreshing native plugins compatible for Editor in 0.71 ms, found 4 plugins.
Preloading 0 native plugins for Editor in 0.00 ms.
Unloading 2204 Unused Serialized files (Serialized files now loaded: 0)
System memory in use before: 96.8 MB.
System memory in use after: 97.1 MB.

Unloading 33 unused Assets to reduce memory usage. Loaded Objects now: 2723.
Total: 3.291500 ms (FindLiveObjects: 0.215100 ms CreateObjectMapping: 0.071500 ms MarkObjects: 2.982300 ms  DeleteObjects: 0.021600 ms)

AssetImportParameters requested are different than current active one (requested -> active):
  custom:framework-win-MediaFoundation: 216162199b28c13a410421893ffa2e32 -> 
  custom:video-decoder-ogg-theora: a1e56fd34408186e4bbccfd4996cb3dc -> 
  custom:container-muxer-webm: aa71ff27fc2769a1b78a27578f13a17b -> 
  custom:container-demuxer-webm: 4f35f7cbe854078d1ac9338744f61a02 -> 
  custom:container-demuxer-ogg: 62fdf1f143b41e24485cea50d1cbac27 -> 
  custom:video-encoder-webm-vp8: eb34c28f22e8b96e1ab97ce403110664 -> 
  custom:video-decoder-webm-vp8: 9c59270c3fd7afecdb556c50c9e8de78 -> 
  custom:audio-decoder-ogg-vorbis: bf7c407c2cedff20999df2af8eb42d56 -> 
  custom:audio-encoder-webm-vorbis: bf7c407c2cedff20999df2af8eb42d56 -> 
========================================================================
Received Import Request.
  Time since last request: 528.208537 seconds.
  path: Assets/Macros/SuperUnit/Check.asset
  artifactKey: Guid(e82891e9a81b1e946816c9195087502c) Importer(815301076,1909f56bfc062723c751e8b465ee728b)
Start importing Assets/Macros/SuperUnit/Check.asset using Guid(e82891e9a81b1e946816c9195087502c) Importer(815301076,1909f56bfc062723c751e8b465ee728b)  -> (artifact id: '8de1da4ea049fc0178e2477bc268d5ad') in 0.080871 seconds 
  Import took 0.086030 seconds .

========================================================================
Received Import Request.
  Time since last request: 13.094225 seconds.
  path: Assets/Macros/SuperUnit/CheckBorder.asset
  artifactKey: Guid(e82891e9a81b1e946816c9195087502c) Importer(815301076,1909f56bfc062723c751e8b465ee728b)
Start importing Assets/Macros/SuperUnit/CheckBorder.asset using Guid(e82891e9a81b1e946816c9195087502c) Importer(815301076,1909f56bfc062723c751e8b465ee728b)  -> (artifact id: '92a57c9f0d98de8f1f81893a338c0f25') in 0.011512 seconds 
  Import took 0.028854 seconds .

========================================================================
Received Prepare
Registering precompiled user dll's ...
Registered in 0.011236 seconds.
Begin MonoManager ReloadAssembly
Native extension for WindowsStandalone target not found
Refreshing native plugins compatible for Editor in 0.79 ms, found 4 plugins.
Preloading 0 native plugins for Editor in 0.00 ms.
Mono: successfully reloaded assembly
- Completed reload, in  1.092 seconds
Domain Reload Profiling:
	ReloadAssembly (1092ms)
		BeginReloadAssembly (158ms)
			ExecutionOrderSort (0ms)
			DisableScriptedObjects (5ms)
			BackupInstance (0ms)
			ReleaseScriptingObjects (0ms)
			CreateAndSetChildDomain (45ms)
		EndReloadAssembly (867ms)
			LoadAssemblies (131ms)
			RebuildTransferFunctionScriptingTraits (0ms)
			SetupTypeCache (340ms)
			ReleaseScriptCaches (1ms)
			RebuildScriptCaches (40ms)
			SetupLoadedEditorAssemblies (287ms)
				LogAssemblyErrors (0ms)
				InitializePlatformSupportModulesInManaged (4ms)
				SetLoadedEditorAssemblies (0ms)
				RefreshPlugins (1ms)
				BeforeProcessingInitializeOnLoad (63ms)
				ProcessInitializeOnLoadAttributes (197ms)
				ProcessInitializeOnLoadMethodAttributes (11ms)
				AfterProcessingInitializeOnLoad (10ms)
				EditorAssembliesLoaded (0ms)
			ExecutionOrderSort2 (0ms)
			AwakeInstancesAfterBackupRestoration (8ms)
Platform modules already initialized, skipping
Refreshing native plugins compatible for Editor in 0.70 ms, found 4 plugins.
Preloading 0 native plugins for Editor in 0.00 ms.
Unloading 2204 Unused Serialized files (Serialized files now loaded: 0)
System memory in use before: 96.9 MB.
System memory in use after: 97.1 MB.

Unloading 33 unused Assets to reduce memory usage. Loaded Objects now: 2725.
Total: 3.630800 ms (FindLiveObjects: 0.259900 ms CreateObjectMapping: 0.071200 ms MarkObjects: 3.278500 ms  DeleteObjects: 0.019900 ms)

AssetImportParameters requested are different than current active one (requested -> active):
  custom:framework-win-MediaFoundation: 216162199b28c13a410421893ffa2e32 -> 
  custom:video-decoder-ogg-theora: a1e56fd34408186e4bbccfd4996cb3dc -> 
  custom:container-muxer-webm: aa71ff27fc2769a1b78a27578f13a17b -> 
  custom:container-demuxer-webm: 4f35f7cbe854078d1ac9338744f61a02 -> 
  custom:container-demuxer-ogg: 62fdf1f143b41e24485cea50d1cbac27 -> 
  custom:video-encoder-webm-vp8: eb34c28f22e8b96e1ab97ce403110664 -> 
  custom:video-decoder-webm-vp8: 9c59270c3fd7afecdb556c50c9e8de78 -> 
  custom:audio-decoder-ogg-vorbis: bf7c407c2cedff20999df2af8eb42d56 -> 
  custom:audio-encoder-webm-vorbis: bf7c407c2cedff20999df2af8eb42d56 -> 
========================================================================
Received Import Request.
  Time since last request: 710.497014 seconds.
  path: Assets/Macros/SuperUnit/CheckBorder.asset
  artifactKey: Guid(e82891e9a81b1e946816c9195087502c) Importer(815301076,1909f56bfc062723c751e8b465ee728b)
Start importing Assets/Macros/SuperUnit/CheckBorder.asset using Guid(e82891e9a81b1e946816c9195087502c) Importer(815301076,1909f56bfc062723c751e8b465ee728b)  -> (artifact id: '6660e746c56293bebd8bf323e3140619') in 0.561621 seconds 
  Import took 0.938115 seconds .

========================================================================
Received Prepare
Registering precompiled user dll's ...
Registered in 0.012081 seconds.
Begin MonoManager ReloadAssembly
Native extension for WindowsStandalone target not found
Refreshing native plugins compatible for Editor in 0.76 ms, found 4 plugins.
Preloading 0 native plugins for Editor in 0.00 ms.
Mono: successfully reloaded assembly
- Completed reload, in  1.123 seconds
Domain Reload Profiling:
	ReloadAssembly (1123ms)
		BeginReloadAssembly (171ms)
			ExecutionOrderSort (0ms)
			DisableScriptedObjects (6ms)
			BackupInstance (0ms)
			ReleaseScriptingObjects (0ms)
			CreateAndSetChildDomain (62ms)
		EndReloadAssembly (881ms)
			LoadAssemblies (129ms)
			RebuildTransferFunctionScriptingTraits (0ms)
			SetupTypeCache (356ms)
			ReleaseScriptCaches (1ms)
			RebuildScriptCaches (38ms)
			SetupLoadedEditorAssemblies (286ms)
				LogAssemblyErrors (0ms)
				InitializePlatformSupportModulesInManaged (4ms)
				SetLoadedEditorAssemblies (0ms)
				RefreshPlugins (1ms)
				BeforeProcessingInitializeOnLoad (63ms)
				ProcessInitializeOnLoadAttributes (194ms)
				ProcessInitializeOnLoadMethodAttributes (12ms)
				AfterProcessingInitializeOnLoad (11ms)
				EditorAssembliesLoaded (0ms)
			ExecutionOrderSort2 (0ms)
			AwakeInstancesAfterBackupRestoration (9ms)
Platform modules already initialized, skipping
Refreshing native plugins compatible for Editor in 0.69 ms, found 4 plugins.
Preloading 0 native plugins for Editor in 0.00 ms.
Unloading 2204 Unused Serialized files (Serialized files now loaded: 0)
System memory in use before: 96.9 MB.
System memory in use after: 97.1 MB.

Unloading 33 unused Assets to reduce memory usage. Loaded Objects now: 2727.
Total: 3.718300 ms (FindLiveObjects: 0.267800 ms CreateObjectMapping: 0.076400 ms MarkObjects: 3.310300 ms  DeleteObjects: 0.062900 ms)

AssetImportParameters requested are different than current active one (requested -> active):
  custom:framework-win-MediaFoundation: 216162199b28c13a410421893ffa2e32 -> 
  custom:video-decoder-ogg-theora: a1e56fd34408186e4bbccfd4996cb3dc -> 
  custom:container-muxer-webm: aa71ff27fc2769a1b78a27578f13a17b -> 
  custom:container-demuxer-webm: 4f35f7cbe854078d1ac9338744f61a02 -> 
  custom:container-demuxer-ogg: 62fdf1f143b41e24485cea50d1cbac27 -> 
  custom:video-encoder-webm-vp8: eb34c28f22e8b96e1ab97ce403110664 -> 
  custom:video-decoder-webm-vp8: 9c59270c3fd7afecdb556c50c9e8de78 -> 
  custom:audio-decoder-ogg-vorbis: bf7c407c2cedff20999df2af8eb42d56 -> 
  custom:audio-encoder-webm-vorbis: bf7c407c2cedff20999df2af8eb42d56 -> 
========================================================================
Received Prepare
Registering precompiled user dll's ...
Registered in 0.010110 seconds.
Begin MonoManager ReloadAssembly
Native extension for WindowsStandalone target not found
Refreshing native plugins compatible for Editor in 1.00 ms, found 4 plugins.
Preloading 0 native plugins for Editor in 0.00 ms.
Mono: successfully reloaded assembly
- Completed reload, in  1.062 seconds
Domain Reload Profiling:
	ReloadAssembly (1062ms)
		BeginReloadAssembly (137ms)
			ExecutionOrderSort (0ms)
			DisableScriptedObjects (5ms)
			BackupInstance (0ms)
			ReleaseScriptingObjects (0ms)
			CreateAndSetChildDomain (41ms)
		EndReloadAssembly (855ms)
			LoadAssemblies (125ms)
			RebuildTransferFunctionScriptingTraits (0ms)
			SetupTypeCache (336ms)
			ReleaseScriptCaches (1ms)
			RebuildScriptCaches (40ms)
			SetupLoadedEditorAssemblies (280ms)
				LogAssemblyErrors (0ms)
				InitializePlatformSupportModulesInManaged (5ms)
				SetLoadedEditorAssemblies (0ms)
				RefreshPlugins (1ms)
				BeforeProcessingInitializeOnLoad (61ms)
				ProcessInitializeOnLoadAttributes (192ms)
				ProcessInitializeOnLoadMethodAttributes (11ms)
				AfterProcessingInitializeOnLoad (10ms)
				EditorAssembliesLoaded (0ms)
			ExecutionOrderSort2 (0ms)
			AwakeInstancesAfterBackupRestoration (9ms)
Platform modules already initialized, skipping
Refreshing native plugins compatible for Editor in 0.75 ms, found 4 plugins.
Preloading 0 native plugins for Editor in 0.00 ms.
Unloading 2204 Unused Serialized files (Serialized files now loaded: 0)
System memory in use before: 96.8 MB.
System memory in use after: 97.0 MB.

Unloading 33 unused Assets to reduce memory usage. Loaded Objects now: 2729.
Total: 3.309000 ms (FindLiveObjects: 0.271600 ms CreateObjectMapping: 0.072500 ms MarkObjects: 2.936000 ms  DeleteObjects: 0.027400 ms)

AssetImportParameters requested are different than current active one (requested -> active):
  custom:framework-win-MediaFoundation: 216162199b28c13a410421893ffa2e32 -> 
  custom:video-decoder-ogg-theora: a1e56fd34408186e4bbccfd4996cb3dc -> 
  custom:container-muxer-webm: aa71ff27fc2769a1b78a27578f13a17b -> 
  custom:container-demuxer-webm: 4f35f7cbe854078d1ac9338744f61a02 -> 
  custom:container-demuxer-ogg: 62fdf1f143b41e24485cea50d1cbac27 -> 
  custom:video-encoder-webm-vp8: eb34c28f22e8b96e1ab97ce403110664 -> 
  custom:video-decoder-webm-vp8: 9c59270c3fd7afecdb556c50c9e8de78 -> 
  custom:audio-decoder-ogg-vorbis: bf7c407c2cedff20999df2af8eb42d56 -> 
  custom:audio-encoder-webm-vorbis: bf7c407c2cedff20999df2af8eb42d56 -> 
========================================================================
Received Import Request.
  Time since last request: 252.289811 seconds.
  path: Assets/Scripts
  artifactKey: Guid(912c7299cbd957549b85554bcf65b298) Importer(815301076,1909f56bfc062723c751e8b465ee728b)
Start importing Assets/Scripts using Guid(912c7299cbd957549b85554bcf65b298) Importer(815301076,1909f56bfc062723c751e8b465ee728b)  -> (artifact id: 'aec239e1cb05140dfe485230de2ad15e') in 0.011212 seconds 
  Import took 0.015853 seconds .

========================================================================
Received Import Request.
  Time since last request: 24.499026 seconds.
  path: Assets/Scripts/GameManager.cs
  artifactKey: Guid(2ca26d907557c0e40949ddd4b87fcd1a) Importer(815301076,1909f56bfc062723c751e8b465ee728b)
Start importing Assets/Scripts/GameManager.cs using Guid(2ca26d907557c0e40949ddd4b87fcd1a) Importer(815301076,1909f56bfc062723c751e8b465ee728b)  -> (artifact id: '9c23f92a2ba832eb6a81d4fdb9502247') in 0.027634 seconds 
  Import took 0.031776 seconds .

========================================================================
Received Prepare
Registering precompiled user dll's ...
Registered in 0.012885 seconds.
Begin MonoManager ReloadAssembly
Native extension for WindowsStandalone target not found
Refreshing native plugins compatible for Editor in 0.67 ms, found 4 plugins.
Preloading 0 native plugins for Editor in 0.00 ms.
Mono: successfully reloaded assembly
- Completed reload, in  1.015 seconds
Domain Reload Profiling:
	ReloadAssembly (1015ms)
		BeginReloadAssembly (131ms)
			ExecutionOrderSort (0ms)
			DisableScriptedObjects (5ms)
			BackupInstance (0ms)
			ReleaseScriptingObjects (0ms)
			CreateAndSetChildDomain (33ms)
		EndReloadAssembly (823ms)
			LoadAssemblies (119ms)
			RebuildTransferFunctionScriptingTraits (0ms)
			SetupTypeCache (323ms)
			ReleaseScriptCaches (1ms)
			RebuildScriptCaches (39ms)
			SetupLoadedEditorAssemblies (265ms)
				LogAssemblyErrors (0ms)
				InitializePlatformSupportModulesInManaged (4ms)
				SetLoadedEditorAssemblies (0ms)
				RefreshPlugins (1ms)
				BeforeProcessingInitializeOnLoad (56ms)
				ProcessInitializeOnLoadAttributes (183ms)
				ProcessInitializeOnLoadMethodAttributes (11ms)
				AfterProcessingInitializeOnLoad (10ms)
				EditorAssembliesLoaded (0ms)
			ExecutionOrderSort2 (0ms)
			AwakeInstancesAfterBackupRestoration (8ms)
Platform modules already initialized, skipping
Refreshing native plugins compatible for Editor in 0.65 ms, found 4 plugins.
Preloading 0 native plugins for Editor in 0.00 ms.
Unloading 2205 Unused Serialized files (Serialized files now loaded: 0)
System memory in use before: 96.9 MB.
System memory in use after: 97.1 MB.

Unloading 33 unused Assets to reduce memory usage. Loaded Objects now: 2732.
Total: 3.411000 ms (FindLiveObjects: 0.232700 ms CreateObjectMapping: 0.065700 ms MarkObjects: 3.087700 ms  DeleteObjects: 0.023900 ms)

AssetImportParameters requested are different than current active one (requested -> active):
  custom:framework-win-MediaFoundation: 216162199b28c13a410421893ffa2e32 -> 
  custom:video-decoder-ogg-theora: a1e56fd34408186e4bbccfd4996cb3dc -> 
  custom:container-muxer-webm: aa71ff27fc2769a1b78a27578f13a17b -> 
  custom:container-demuxer-webm: 4f35f7cbe854078d1ac9338744f61a02 -> 
  custom:container-demuxer-ogg: 62fdf1f143b41e24485cea50d1cbac27 -> 
  custom:video-encoder-webm-vp8: eb34c28f22e8b96e1ab97ce403110664 -> 
  custom:video-decoder-webm-vp8: 9c59270c3fd7afecdb556c50c9e8de78 -> 
  custom:audio-decoder-ogg-vorbis: bf7c407c2cedff20999df2af8eb42d56 -> 
  custom:audio-encoder-webm-vorbis: bf7c407c2cedff20999df2af8eb42d56 -> 
AssetImportWorkerClient::OnTransportError - code=2 error=End of file
